<?xml version="1.0" encoding="UTF-8"?>
<!-- Generated by org.testng.reporters.JUnitXMLReporter -->
<testsuite ignored="5" hostname="DESKTOP-M0E0QKL" failures="0" tests="2" name="groups" time="0.325" errors="0" timestamp="2024-06-18T09:39:38 IST">
  <testcase classname="Day02_07062024.GroupsDemo" name="test1" time="0.033"/>
  <testcase classname="Day02_07062024.GroupsDemo" name="test2" time="0.014"/>
  <testcase classname="Day02_07062024.GroupsDemo" name="test7" time="0.0">
    <ignored/>
  </testcase> <!-- test7 -->
  <testcase classname="Day02_07062024.GroupsDemo" name="test3" time="0.0">
    <ignored/>
  </testcase> <!-- test3 -->
  <testcase classname="Day02_07062024.GroupsDemo" name="test4" time="0.0">
    <ignored/>
  </testcase> <!-- test4 -->
  <testcase classname="Day02_07062024.GroupsDemo" name="test5" time="0.0">
    <ignored/>
  </testcase> <!-- test5 -->
  <testcase classname="Day02_07062024.GroupsDemo" name="test6" time="0.0">
    <ignored/>
  </testcase> <!-- test6 -->
</testsuite> <!-- groups -->
